<?xml version="1.0" encoding="UTF-8"?>
<!-- Generated by org.testng.reporters.JUnitReportReporter -->
<testsuite hostname="DESKTOP-T0LRAQ4" name="sep7.SecondTestNGClass" tests="3" failures="0" timestamp="15 Sep 2022 07:35:37 GMT" time="62.342" errors="0">
  <testcase name="division" time="16.055" classname="sep7.SecondTestNGClass"/>
  <testcase name="multiplication" time="28.276" classname="sep7.SecondTestNGClass"/>
  <testcase name="addition" time="18.011" classname="sep7.SecondTestNGClass"/>
</testsuite> <!-- sep7.SecondTestNGClass -->
