<?xml version="1.0" encoding="UTF-8"?>
<!-- Generated by org.testng.reporters.JUnitReportReporter -->
<testsuite hostname="DESKTOP-T0LRAQ4" name="mrngbatch.FirstTestNGClass" tests="3" failures="0" timestamp="15 Sep 2022 07:04:14 GMT" time="18.291" errors="0">
  <testcase name="cbanking" time="5.807" classname="mrngbatch.FirstTestNGClass"/>
  <testcase name="pbanking" time="6.653" classname="mrngbatch.FirstTestNGClass"/>
  <testcase name="ibanking" time="5.831" classname="mrngbatch.FirstTestNGClass"/>
</testsuite> <!-- mrngbatch.FirstTestNGClass -->
